C51 COMPILER V9.60.7.0   MAIN                                                              08/24/2023 15:29:15 PAGE 1   


C51 COMPILER V9.60.7.0, COMPILATION OF MODULE MAIN
OBJECT MODULE PLACED IN .\Objects\main.obj
COMPILER INVOKED BY: C:\Keil_v5\C51\BIN\C51.EXE main.c OPTIMIZE(8,SPEED) BROWSE DEBUG OBJECTEXTEND PRINT(.\Listings\main
                    -.lst) OBJECT(.\Objects\main.obj)

line level    source

*** WARNING C500 IN LINE 1 OF main.c: SERIAL NUMBER EXPIRED
   1          #include "main.h"
   2          sbit  LED1 = P3^6;
   3          sbit  LED2 = P3^7;
   4          sbit  NC   = P5^4;
   5          sbit  NO   = P5^5;
   6          
   7          void delay()
   8          {
   9   1          int i, j;
  10   1      
  11   1          for (i=0; i<1000; i++)
  12   1          for (j=0; j<500; j++);
  13   1      }
  14          void main(void)
  15          {
  16   1          static unsigned long count;
  17   1          delay();
  18   1          P0M0 = 0x00;
  19   1          P0M1 = 0x00;
  20   1          P1M0 = 0x00;
  21   1          P1M1 = 0x00;
  22   1          P2M0 = 0x00;
  23   1          P2M1 = 0x00;
  24   1          P3M0 = 0x00;
  25   1          P3M1 = 0x00;
  26   1          P4M0 = 0x00;
  27   1          P4M1 = 0x00;
  28   1          P5M0 = 0x00;
  29   1          P5M1 = 0x00;
  30   1          P6M0 = 0x00;
  31   1          P6M1 = 0x00;
  32   1          P7M0 = 0x00;
  33   1          P7M1 = 0x00;
  34   1          
  35   1          P1 = 0x3f;
  36   1          
  37   1         for(;;count++)
  38   1         {
  39   2           if(count%100000)
  40   2           {
  41   3               LED1 = ~LED1;
  42   3               NC = ~NC;
  43   3               NO = ~NO;
  44   3           }
  45   2           if(P1 & 0x3f == 0x3f) 
  46   2           {
  47   3               LED2 = 0;
  48   3           }
  49   2           else
  50   2           {
  51   3               LED2 = 1;
  52   3           }
  53   2         }
C51 COMPILER V9.60.7.0   MAIN                                                              08/24/2023 15:29:15 PAGE 2   

  54   1          
  55   1      }
  56          
  57          
  58          


MODULE INFORMATION:   STATIC OVERLAYABLE
   CODE SIZE        =    141    ----
   CONSTANT SIZE    =   ----    ----
   XDATA SIZE       =   ----    ----
   PDATA SIZE       =   ----    ----
   DATA SIZE        =      4    ----
   IDATA SIZE       =   ----    ----
   BIT SIZE         =   ----    ----
END OF MODULE INFORMATION.


C51 COMPILATION COMPLETE.  1 WARNING(S),  0 ERROR(S)
